0 info it worked if it ends with ok
1 verbose cli [ '/usr/local/bin/node',
1 verbose cli   '/usr/local/bin/npm',
1 verbose cli   'run',
1 verbose cli   'package-mac' ]
2 info using npm@3.10.9
3 info using node@v6.9.2
4 verbose run-script [ 'prepackage-mac', 'package-mac', 'postpackage-mac' ]
5 info lifecycle zeitplan@0.1.0~prepackage-mac: zeitplan@0.1.0
6 silly lifecycle zeitplan@0.1.0~prepackage-mac: no script for prepackage-mac, continuing
7 info lifecycle zeitplan@0.1.0~package-mac: zeitplan@0.1.0
8 verbose lifecycle zeitplan@0.1.0~package-mac: unsafe-perm in lifecycle true
9 verbose lifecycle zeitplan@0.1.0~package-mac: PATH: /usr/local/lib/node_modules/npm/bin/node-gyp-bin:/Users/Benedikt/lgr_zeitplan_generator/zeitplantool/node_modules/.bin:/usr/local/bin:/usr/bin:/bin:/usr/sbin:/sbin:/Library/TeX/texbin
10 verbose lifecycle zeitplan@0.1.0~package-mac: CWD: /Users/Benedikt/lgr_zeitplan_generator/zeitplantool
11 silly lifecycle zeitplan@0.1.0~package-mac: Args: [ '-c',
11 silly lifecycle   'electron-packager . --platform=darwin --icon=icon/icon --prune=true' ]
12 silly lifecycle zeitplan@0.1.0~package-mac: Returned: code: 126  signal: null
13 info lifecycle zeitplan@0.1.0~package-mac: Failed to exec package-mac script
14 verbose stack Error: zeitplan@0.1.0 package-mac: `electron-packager . --platform=darwin --icon=icon/icon --prune=true`
14 verbose stack Exit status 126
14 verbose stack     at EventEmitter.<anonymous> (/usr/local/lib/node_modules/npm/lib/utils/lifecycle.js:255:16)
14 verbose stack     at emitTwo (events.js:106:13)
14 verbose stack     at EventEmitter.emit (events.js:191:7)
14 verbose stack     at ChildProcess.<anonymous> (/usr/local/lib/node_modules/npm/lib/utils/spawn.js:40:14)
14 verbose stack     at emitTwo (events.js:106:13)
14 verbose stack     at ChildProcess.emit (events.js:191:7)
14 verbose stack     at maybeClose (internal/child_process.js:877:16)
14 verbose stack     at Process.ChildProcess._handle.onexit (internal/child_process.js:226:5)
15 verbose pkgid zeitplan@0.1.0
16 verbose cwd /Users/Benedikt/lgr_zeitplan_generator/zeitplantool
17 error Darwin 16.1.0
18 error argv "/usr/local/bin/node" "/usr/local/bin/npm" "run" "package-mac"
19 error node v6.9.2
20 error npm  v3.10.9
21 error code ELIFECYCLE
22 error zeitplan@0.1.0 package-mac: `electron-packager . --platform=darwin --icon=icon/icon --prune=true`
22 error Exit status 126
23 error Failed at the zeitplan@0.1.0 package-mac script 'electron-packager . --platform=darwin --icon=icon/icon --prune=true'.
23 error Make sure you have the latest version of node.js and npm installed.
23 error If you do, this is most likely a problem with the zeitplan package,
23 error not with npm itself.
23 error Tell the author that this fails on your system:
23 error     electron-packager . --platform=darwin --icon=icon/icon --prune=true
23 error You can get information on how to open an issue for this project with:
23 error     npm bugs zeitplan
23 error Or if that isn't available, you can get their info via:
23 error     npm owner ls zeitplan
23 error There is likely additional logging output above.
24 verbose exit [ 1, true ]
